<?xml version="1.0" encoding="UTF-8"?>
<!-- Generated by org.testng.reporters.JUnitReportReporter -->
<testsuite hostname="HamzehAbuAmer" failures="0" tests="3" name="projectTwo.TestLoginAndCheckout" time="6.572" errors="0" timestamp="2024-05-31T03:22:20 EET" skipped="0">
  <testcase classname="projectTwo.TestLoginAndCheckout" name="LoginTest" time="2.334"/>
  <system-out/>
  <testcase classname="projectTwo.TestLoginAndCheckout" name="AddToCart" time="2.116"/>
  <system-out/>
  <testcase classname="projectTwo.TestLoginAndCheckout" name="CheckoutProcess" time="2.122"/>
  <system-out/>
</testsuite> <!-- projectTwo.TestLoginAndCheckout -->
